<?xml version="1.0" encoding="UTF-8"?>
<!-- Generated by org.testng.reporters.JUnitReportReporter -->
<testsuite hostname="Jagadeesh" failures="0" tests="9" name="com.Hrms.tests.TestPIMPage" time="22.132" errors="0" timestamp="2025-01-11T20:45:43 IST" skipped="0">
  <testcase classname="com.Hrms.tests.TestPIMPage" name="addEmployee" time="16.191"/>
  <system-out/>
  <testcase classname="com.Hrms.tests.TestPIMPage" name="searchEmployee" time="0.004"/>
  <system-out/>
  <testcase classname="com.Hrms.tests.TestPIMPage" name="editEmployeeDetails" time="0.000"/>
  <system-out/>
  <testcase classname="com.Hrms.tests.TestPIMPage" name="deleteEmployee" time="0.000"/>
  <system-out/>
  <testcase classname="com.Hrms.tests.TestPIMPage" name="viewEmployeeList" time="0.000"/>
  <system-out/>
  <testcase classname="com.Hrms.tests.TestPIMPage" name="addEmployeePhotos" time="0.000"/>
  <system-out/>
  <testcase classname="com.Hrms.tests.TestPIMPage" name="viewEmployeeDetails" time="0.004"/>
  <system-out/>
  <testcase classname="com.Hrms.tests.TestPIMPage" name="editEmploymentStatus" time="5.927"/>
  <system-out/>
  <testcase classname="com.Hrms.tests.TestPIMPage" name="filterEmployeeList" time="0.006"/>
  <system-out/>
</testsuite> <!-- com.Hrms.tests.TestPIMPage -->
