<?xml version="1.0" encoding="UTF-8"?>
<!-- Generated by org.testng.reporters.JUnitReportReporter -->
<testsuite hostname="DESKTOP-C3U5E72" failures="0" tests="1" name="com.Hrms.tests.ReadPropertyfile" time="23.445" errors="0" timestamp="2025-01-06T12:20:46 IST" skipped="0">
  <testcase classname="com.Hrms.tests.ReadPropertyfile" name="login" time="23.445"/>
  <system-out/>
</testsuite> <!-- com.Hrms.tests.ReadPropertyfile -->
