<?xml version="1.0" encoding="UTF-8"?>
<!-- Generated by org.testng.reporters.JUnitReportReporter -->
<testsuite hostname="Jagadeesh" failures="0" tests="2" name="com.Hrms.tests.TestPIMPage" time="17.406" errors="0" timestamp="2025-01-07T20:53:13 IST" skipped="0">
  <testcase classname="com.Hrms.tests.TestPIMPage" name="addEmployee" time="15.226"/>
  <system-out/>
  <testcase classname="com.Hrms.tests.TestPIMPage" name="editEmploymentStatus" time="2.180"/>
  <system-out/>
</testsuite> <!-- com.Hrms.tests.TestPIMPage -->
